This file contains any messages produced by compilers while
running configure, to aid debugging if configure makes a mistake.

It was created by spice-xpi configure 2.7, which was
generated by GNU Autoconf 2.68.  Invocation command line was

  $ ./configure 

## --------- ##
## Platform. ##
## --------- ##

hostname = precise
uname -m = x86_64
uname -r = 3.2.0-23-generic
uname -s = Linux
uname -v = #36-Ubuntu SMP Tue Apr 10 20:39:51 UTC 2012

/usr/bin/uname -p = unknown
/bin/uname -X     = unknown

/bin/arch              = unknown
/usr/bin/arch -k       = unknown
/usr/convex/getsysinfo = unknown
/usr/bin/hostinfo      = unknown
/bin/machine           = unknown
/usr/bin/oslevel       = unknown
/bin/universe          = unknown

PATH: /usr/local/sbin
PATH: /usr/local/bin
PATH: /usr/sbin
PATH: /usr/bin
PATH: /sbin
PATH: /bin
PATH: /usr/games


## ----------- ##
## Core tests. ##
## ----------- ##

configure:2331: checking for a BSD-compatible install
configure:2399: result: /usr/bin/install -c
configure:2410: checking whether build environment is sane
configure:2460: result: yes
configure:2601: checking for a thread-safe mkdir -p
configure:2640: result: /bin/mkdir -p
configure:2653: checking for gawk
configure:2683: result: no
configure:2653: checking for mawk
configure:2669: found /usr/bin/mawk
configure:2680: result: mawk
configure:2691: checking whether make sets $(MAKE)
configure:2713: result: yes
configure:2794: checking whether to enable maintainer-specific portions of Makefiles
configure:2803: result: no
configure:2865: checking for gcc
configure:2881: found /usr/bin/gcc
configure:2892: result: gcc
configure:3121: checking for C compiler version
configure:3130: gcc --version >&5
gcc (Ubuntu/Linaro 4.6.3-1ubuntu5) 4.6.3
Copyright (C) 2011 Free Software Foundation, Inc.
This is free software; see the source for copying conditions.  There is NO
warranty; not even for MERCHANTABILITY or FITNESS FOR A PARTICULAR PURPOSE.

configure:3141: $? = 0
configure:3130: gcc -v >&5
Using built-in specs.
COLLECT_GCC=gcc
COLLECT_LTO_WRAPPER=/usr/lib/gcc/x86_64-linux-gnu/4.6/lto-wrapper
Target: x86_64-linux-gnu
Configured with: ../src/configure -v --with-pkgversion='Ubuntu/Linaro 4.6.3-1ubuntu5' --with-bugurl=file:///usr/share/doc/gcc-4.6/README.Bugs --enable-languages=c,c++,fortran,objc,obj-c++ --prefix=/usr --program-suffix=-4.6 --enable-shared --enable-linker-build-id --with-system-zlib --libexecdir=/usr/lib --without-included-gettext --enable-threads=posix --with-gxx-include-dir=/usr/include/c++/4.6 --libdir=/usr/lib --enable-nls --with-sysroot=/ --enable-clocale=gnu --enable-libstdcxx-debug --enable-libstdcxx-time=yes --enable-gnu-unique-object --enable-plugin --enable-objc-gc --disable-werror --with-arch-32=i686 --with-tune=generic --enable-checking=release --build=x86_64-linux-gnu --host=x86_64-linux-gnu --target=x86_64-linux-gnu
Thread model: posix
gcc version 4.6.3 (Ubuntu/Linaro 4.6.3-1ubuntu5) 
configure:3141: $? = 0
configure:3130: gcc -V >&5
gcc: error: unrecognized option '-V'
gcc: fatal error: no input files
compilation terminated.
configure:3141: $? = 4
configure:3130: gcc -qversion >&5
gcc: error: unrecognized option '-qversion'
gcc: fatal error: no input files
compilation terminated.
configure:3141: $? = 4
configure:3161: checking whether the C compiler works
configure:3183: gcc    conftest.c  >&5
configure:3187: $? = 0
configure:3235: result: yes
configure:3238: checking for C compiler default output file name
configure:3240: result: a.out
configure:3246: checking for suffix of executables
configure:3253: gcc -o conftest    conftest.c  >&5
configure:3257: $? = 0
configure:3279: result: 
configure:3301: checking whether we are cross compiling
configure:3309: gcc -o conftest    conftest.c  >&5
configure:3313: $? = 0
configure:3320: ./conftest
configure:3324: $? = 0
configure:3339: result: no
configure:3344: checking for suffix of object files
configure:3366: gcc -c   conftest.c >&5
configure:3370: $? = 0
configure:3391: result: o
configure:3395: checking whether we are using the GNU C compiler
configure:3414: gcc -c   conftest.c >&5
configure:3414: $? = 0
configure:3423: result: yes
configure:3432: checking whether gcc accepts -g
configure:3452: gcc -c -g  conftest.c >&5
configure:3452: $? = 0
configure:3493: result: yes
configure:3510: checking for gcc option to accept ISO C89
configure:3574: gcc  -c -g -O2  conftest.c >&5
configure:3574: $? = 0
configure:3587: result: none needed
configure:3618: checking for style of include used by make
configure:3646: result: GNU
configure:3672: checking dependency style of gcc
configure:3783: result: gcc3
configure:3856: checking for g++
configure:3872: found /usr/bin/g++
configure:3883: result: g++
configure:3910: checking for C++ compiler version
configure:3919: g++ --version >&5
g++ (Ubuntu/Linaro 4.6.3-1ubuntu5) 4.6.3
Copyright (C) 2011 Free Software Foundation, Inc.
This is free software; see the source for copying conditions.  There is NO
warranty; not even for MERCHANTABILITY or FITNESS FOR A PARTICULAR PURPOSE.

configure:3930: $? = 0
configure:3919: g++ -v >&5
Using built-in specs.
COLLECT_GCC=g++
COLLECT_LTO_WRAPPER=/usr/lib/gcc/x86_64-linux-gnu/4.6/lto-wrapper
Target: x86_64-linux-gnu
Configured with: ../src/configure -v --with-pkgversion='Ubuntu/Linaro 4.6.3-1ubuntu5' --with-bugurl=file:///usr/share/doc/gcc-4.6/README.Bugs --enable-languages=c,c++,fortran,objc,obj-c++ --prefix=/usr --program-suffix=-4.6 --enable-shared --enable-linker-build-id --with-system-zlib --libexecdir=/usr/lib --without-included-gettext --enable-threads=posix --with-gxx-include-dir=/usr/include/c++/4.6 --libdir=/usr/lib --enable-nls --with-sysroot=/ --enable-clocale=gnu --enable-libstdcxx-debug --enable-libstdcxx-time=yes --enable-gnu-unique-object --enable-plugin --enable-objc-gc --disable-werror --with-arch-32=i686 --with-tune=generic --enable-checking=release --build=x86_64-linux-gnu --host=x86_64-linux-gnu --target=x86_64-linux-gnu
Thread model: posix
gcc version 4.6.3 (Ubuntu/Linaro 4.6.3-1ubuntu5) 
configure:3930: $? = 0
configure:3919: g++ -V >&5
g++: error: unrecognized option '-V'
g++: fatal error: no input files
compilation terminated.
configure:3930: $? = 4
configure:3919: g++ -qversion >&5
g++: error: unrecognized option '-qversion'
g++: fatal error: no input files
compilation terminated.
configure:3930: $? = 4
configure:3934: checking whether we are using the GNU C++ compiler
configure:3953: g++ -c   conftest.cpp >&5
configure:3953: $? = 0
configure:3962: result: yes
configure:3971: checking whether g++ accepts -g
configure:3991: g++ -c -g  conftest.cpp >&5
configure:3991: $? = 0
configure:4032: result: yes
configure:4057: checking dependency style of g++
configure:4168: result: gcc3
configure:4188: checking build system type
configure:4202: result: x86_64-unknown-linux-gnu
configure:4222: checking host system type
configure:4235: result: x86_64-unknown-linux-gnu
configure:4301: checking how to print strings
configure:4328: result: printf
configure:4349: checking for a sed that does not truncate output
configure:4413: result: /bin/sed
configure:4431: checking for grep that handles long lines and -e
configure:4489: result: /bin/grep
configure:4494: checking for egrep
configure:4556: result: /bin/grep -E
configure:4561: checking for fgrep
configure:4623: result: /bin/grep -F
configure:4658: checking for ld used by gcc
configure:4725: result: /usr/bin/ld
configure:4732: checking if the linker (/usr/bin/ld) is GNU ld
configure:4747: result: yes
configure:4759: checking for BSD- or MS-compatible name lister (nm)
configure:4808: result: /usr/bin/nm -B
configure:4938: checking the name lister (/usr/bin/nm -B) interface
configure:4945: gcc -c -g -O2  conftest.c >&5
configure:4948: /usr/bin/nm -B "conftest.o"
configure:4951: output
0000000000000000 B some_variable
configure:4958: result: BSD nm
configure:4961: checking whether ln -s works
configure:4965: result: yes
configure:4973: checking the maximum length of command line arguments
configure:5098: result: 1572864
configure:5115: checking whether the shell understands some XSI constructs
configure:5125: result: yes
configure:5129: checking whether the shell understands "+="
configure:5135: result: yes
configure:5170: checking how to convert x86_64-unknown-linux-gnu file names to x86_64-unknown-linux-gnu format
configure:5210: result: func_convert_file_noop
configure:5217: checking how to convert x86_64-unknown-linux-gnu file names to toolchain format
configure:5237: result: func_convert_file_noop
configure:5244: checking for /usr/bin/ld option to reload object files
configure:5251: result: -r
configure:5325: checking for objdump
configure:5341: found /usr/bin/objdump
configure:5352: result: objdump
configure:5384: checking how to recognize dependent libraries
configure:5586: result: pass_all
configure:5671: checking for dlltool
configure:5701: result: no
configure:5731: checking how to associate runtime and link libraries
configure:5758: result: printf %s\n
configure:5819: checking for ar
configure:5835: found /usr/bin/ar
configure:5846: result: ar
configure:5883: checking for archiver @FILE support
configure:5900: gcc -c -g -O2  conftest.c >&5
configure:5900: $? = 0
configure:5903: ar cru libconftest.a @conftest.lst >&5
configure:5906: $? = 0
configure:5911: ar cru libconftest.a @conftest.lst >&5
ar: conftest.o: No such file or directory
configure:5914: $? = 1
configure:5926: result: @
configure:5984: checking for strip
configure:6000: found /usr/bin/strip
configure:6011: result: strip
configure:6083: checking for ranlib
configure:6099: found /usr/bin/ranlib
configure:6110: result: ranlib
configure:6212: checking command to parse /usr/bin/nm -B output from gcc object
configure:6331: gcc -c -g -O2  conftest.c >&5
configure:6334: $? = 0
configure:6338: /usr/bin/nm -B conftest.o \| sed -n -e 's/^.*[ ]\([ABCDGIRSTW][ABCDGIRSTW]*\)[ ][ ]*\([_A-Za-z][_A-Za-z0-9]*\)$/\1 \2 \2/p' | sed '/ __gnu_lto/d' \> conftest.nm
configure:6341: $? = 0
configure:6407: gcc -o conftest -g -O2   conftest.c conftstm.o >&5
configure:6410: $? = 0
configure:6448: result: ok
configure:6485: checking for sysroot
configure:6515: result: no
configure:6592: gcc -c -g -O2  conftest.c >&5
configure:6595: $? = 0
configure:6758: checking for mt
configure:6774: found /bin/mt
configure:6785: result: mt
configure:6808: checking if mt is a manifest tool
configure:6814: mt '-?'
configure:6822: result: no
configure:7454: checking how to run the C preprocessor
configure:7485: gcc -E  conftest.c
configure:7485: $? = 0
configure:7499: gcc -E  conftest.c
conftest.c:11:28: fatal error: ac_nonexistent.h: No such file or directory
compilation terminated.
configure:7499: $? = 1
configure: failed program was:
| /* confdefs.h */
| #define PACKAGE_NAME "spice-xpi"
| #define PACKAGE_TARNAME "spice-xpi"
| #define PACKAGE_VERSION "2.7"
| #define PACKAGE_STRING "spice-xpi 2.7"
| #define PACKAGE_BUGREPORT ""
| #define PACKAGE_URL ""
| #define PACKAGE "spice-xpi"
| #define VERSION "2.7"
| /* end confdefs.h.  */
| #include <ac_nonexistent.h>
configure:7524: result: gcc -E
configure:7544: gcc -E  conftest.c
configure:7544: $? = 0
configure:7558: gcc -E  conftest.c
conftest.c:11:28: fatal error: ac_nonexistent.h: No such file or directory
compilation terminated.
configure:7558: $? = 1
configure: failed program was:
| /* confdefs.h */
| #define PACKAGE_NAME "spice-xpi"
| #define PACKAGE_TARNAME "spice-xpi"
| #define PACKAGE_VERSION "2.7"
| #define PACKAGE_STRING "spice-xpi 2.7"
| #define PACKAGE_BUGREPORT ""
| #define PACKAGE_URL ""
| #define PACKAGE "spice-xpi"
| #define VERSION "2.7"
| /* end confdefs.h.  */
| #include <ac_nonexistent.h>
configure:7587: checking for ANSI C header files
configure:7607: gcc -c -g -O2  conftest.c >&5
configure:7607: $? = 0
configure:7680: gcc -o conftest -g -O2   conftest.c  >&5
configure:7680: $? = 0
configure:7680: ./conftest
configure:7680: $? = 0
configure:7691: result: yes
configure:7704: checking for sys/types.h
configure:7704: gcc -c -g -O2  conftest.c >&5
configure:7704: $? = 0
configure:7704: result: yes
configure:7704: checking for sys/stat.h
configure:7704: gcc -c -g -O2  conftest.c >&5
configure:7704: $? = 0
configure:7704: result: yes
configure:7704: checking for stdlib.h
configure:7704: gcc -c -g -O2  conftest.c >&5
configure:7704: $? = 0
configure:7704: result: yes
configure:7704: checking for string.h
configure:7704: gcc -c -g -O2  conftest.c >&5
configure:7704: $? = 0
configure:7704: result: yes
configure:7704: checking for memory.h
configure:7704: gcc -c -g -O2  conftest.c >&5
configure:7704: $? = 0
configure:7704: result: yes
configure:7704: checking for strings.h
configure:7704: gcc -c -g -O2  conftest.c >&5
configure:7704: $? = 0
configure:7704: result: yes
configure:7704: checking for inttypes.h
configure:7704: gcc -c -g -O2  conftest.c >&5
configure:7704: $? = 0
configure:7704: result: yes
configure:7704: checking for stdint.h
configure:7704: gcc -c -g -O2  conftest.c >&5
configure:7704: $? = 0
configure:7704: result: yes
configure:7704: checking for unistd.h
configure:7704: gcc -c -g -O2  conftest.c >&5
configure:7704: $? = 0
configure:7704: result: yes
configure:7718: checking for dlfcn.h
configure:7718: gcc -c -g -O2  conftest.c >&5
configure:7718: $? = 0
configure:7718: result: yes
configure:7916: checking for objdir
configure:7931: result: .libs
configure:8202: checking if gcc supports -fno-rtti -fno-exceptions
configure:8220: gcc -c -g -O2  -fno-rtti -fno-exceptions conftest.c >&5
cc1: warning: command line option '-fno-rtti' is valid for C++/ObjC++ but not for C [enabled by default]
configure:8224: $? = 0
configure:8237: result: no
configure:8547: checking for gcc option to produce PIC
configure:8554: result: -fPIC -DPIC
configure:8562: checking if gcc PIC flag -fPIC -DPIC works
configure:8580: gcc -c -g -O2  -fPIC -DPIC -DPIC conftest.c >&5
configure:8584: $? = 0
configure:8597: result: yes
configure:8626: checking if gcc static flag -static works
configure:8654: result: yes
configure:8669: checking if gcc supports -c -o file.o
configure:8690: gcc -c -g -O2  -o out/conftest2.o conftest.c >&5
configure:8694: $? = 0
configure:8716: result: yes
configure:8724: checking if gcc supports -c -o file.o
configure:8771: result: yes
configure:8804: checking whether the gcc linker (/usr/bin/ld -m elf_x86_64) supports shared libraries
configure:9962: result: yes
configure:9999: checking whether -lc should be explicitly linked in
configure:10007: gcc -c -g -O2  conftest.c >&5
configure:10010: $? = 0
configure:10025: gcc -shared  -fPIC -DPIC conftest.o  -v -Wl,-soname -Wl,conftest -o conftest 2\>\&1 \| /bin/grep  -lc  \>/dev/null 2\>\&1
configure:10028: $? = 0
configure:10042: result: no
configure:10207: checking dynamic linker characteristics
configure:10721: gcc -o conftest -g -O2   -Wl,-rpath -Wl,/foo conftest.c  >&5
configure:10721: $? = 0
configure:10947: result: GNU/Linux ld.so
configure:11054: checking how to hardcode library paths into programs
configure:11079: result: immediate
configure:11619: checking whether stripping libraries is possible
configure:11624: result: yes
configure:11659: checking if libtool supports shared libraries
configure:11661: result: yes
configure:11664: checking whether to build shared libraries
configure:11685: result: yes
configure:11688: checking whether to build static libraries
configure:11692: result: yes
configure:11715: checking how to run the C++ preprocessor
configure:11742: g++ -E  conftest.cpp
configure:11742: $? = 0
configure:11756: g++ -E  conftest.cpp
conftest.cpp:23:28: fatal error: ac_nonexistent.h: No such file or directory
compilation terminated.
configure:11756: $? = 1
configure: failed program was:
| /* confdefs.h */
| #define PACKAGE_NAME "spice-xpi"
| #define PACKAGE_TARNAME "spice-xpi"
| #define PACKAGE_VERSION "2.7"
| #define PACKAGE_STRING "spice-xpi 2.7"
| #define PACKAGE_BUGREPORT ""
| #define PACKAGE_URL ""
| #define PACKAGE "spice-xpi"
| #define VERSION "2.7"
| #define STDC_HEADERS 1
| #define HAVE_SYS_TYPES_H 1
| #define HAVE_SYS_STAT_H 1
| #define HAVE_STDLIB_H 1
| #define HAVE_STRING_H 1
| #define HAVE_MEMORY_H 1
| #define HAVE_STRINGS_H 1
| #define HAVE_INTTYPES_H 1
| #define HAVE_STDINT_H 1
| #define HAVE_UNISTD_H 1
| #define HAVE_DLFCN_H 1
| #define LT_OBJDIR ".libs/"
| /* end confdefs.h.  */
| #include <ac_nonexistent.h>
configure:11781: result: g++ -E
configure:11801: g++ -E  conftest.cpp
configure:11801: $? = 0
configure:11815: g++ -E  conftest.cpp
conftest.cpp:23:28: fatal error: ac_nonexistent.h: No such file or directory
compilation terminated.
configure:11815: $? = 1
configure: failed program was:
| /* confdefs.h */
| #define PACKAGE_NAME "spice-xpi"
| #define PACKAGE_TARNAME "spice-xpi"
| #define PACKAGE_VERSION "2.7"
| #define PACKAGE_STRING "spice-xpi 2.7"
| #define PACKAGE_BUGREPORT ""
| #define PACKAGE_URL ""
| #define PACKAGE "spice-xpi"
| #define VERSION "2.7"
| #define STDC_HEADERS 1
| #define HAVE_SYS_TYPES_H 1
| #define HAVE_SYS_STAT_H 1
| #define HAVE_STDLIB_H 1
| #define HAVE_STRING_H 1
| #define HAVE_MEMORY_H 1
| #define HAVE_STRINGS_H 1
| #define HAVE_INTTYPES_H 1
| #define HAVE_STDINT_H 1
| #define HAVE_UNISTD_H 1
| #define HAVE_DLFCN_H 1
| #define LT_OBJDIR ".libs/"
| /* end confdefs.h.  */
| #include <ac_nonexistent.h>
configure:11985: checking for ld used by g++
configure:12052: result: /usr/bin/ld -m elf_x86_64
configure:12059: checking if the linker (/usr/bin/ld -m elf_x86_64) is GNU ld
configure:12074: result: yes
configure:12129: checking whether the g++ linker (/usr/bin/ld -m elf_x86_64) supports shared libraries
configure:13133: result: yes
configure:13168: g++ -c -g -O2  conftest.cpp >&5
configure:13171: $? = 0
configure:13691: checking for g++ option to produce PIC
configure:13698: result: -fPIC -DPIC
configure:13706: checking if g++ PIC flag -fPIC -DPIC works
configure:13724: g++ -c -g -O2  -fPIC -DPIC -DPIC conftest.cpp >&5
configure:13728: $? = 0
configure:13741: result: yes
configure:13764: checking if g++ static flag -static works
configure:13792: result: yes
configure:13804: checking if g++ supports -c -o file.o
configure:13825: g++ -c -g -O2  -o out/conftest2.o conftest.cpp >&5
configure:13829: $? = 0
configure:13851: result: yes
configure:13856: checking if g++ supports -c -o file.o
configure:13903: result: yes
configure:13933: checking whether the g++ linker (/usr/bin/ld -m elf_x86_64) supports shared libraries
configure:13967: result: yes
configure:14110: checking dynamic linker characteristics
configure:14784: result: GNU/Linux ld.so
configure:14837: checking how to hardcode library paths into programs
configure:14862: result: immediate
configure:14922: checking whether gcc and cc understand -c and -o together
configure:14953: gcc -c conftest.c -o conftest2.o >&5
configure:14957: $? = 0
configure:14963: gcc -c conftest.c -o conftest2.o >&5
configure:14967: $? = 0
configure:14978: cc -c conftest.c >&5
configure:14982: $? = 0
configure:14990: cc -c conftest.c -o conftest2.o >&5
configure:14994: $? = 0
configure:15000: cc -c conftest.c -o conftest2.o >&5
configure:15004: $? = 0
configure:15022: result: yes
configure:15050: checking for x86 or x86-64 platform
configure:15065: result: 64 bit
configure:15131: checking for pkg-config
configure:15149: found /usr/bin/pkg-config
configure:15161: result: /usr/bin/pkg-config
configure:15186: checking pkg-config is at least version 0.9.0
configure:15189: result: yes
configure:15199: checking for LOG4CPP
configure:15206: $PKG_CONFIG --exists --print-errors "log4cpp"
configure:15209: $? = 0
configure:15223: $PKG_CONFIG --exists --print-errors "log4cpp"
configure:15226: $? = 0
configure:15284: result: yes
configure:15295: checking for XUL
configure:15302: $PKG_CONFIG --exists --print-errors "mozilla-plugin"
configure:15305: $? = 0
configure:15319: $PKG_CONFIG --exists --print-errors "mozilla-plugin"
configure:15322: $? = 0
configure:15380: result: yes
configure:15388: checking for const return value of NPP_GetMIMEDescription
configure:15423: gcc -c -DXP_UNIX -I/usr/include/firefox    conftest.c >&5
configure:15423: $? = 0
configure:15425: result: yes
configure:15471: checking for python
configure:15489: found /usr/bin/python
configure:15501: result: /usr/bin/python
configure:15522: checking for python version
configure:15529: result: 2.7
configure:15541: checking for python platform
configure:15548: result: linux2
configure:15555: checking for python script directory
configure:15583: result: ${prefix}/lib/python2.7/dist-packages
configure:15592: checking for python extension module directory
configure:15620: result: ${exec_prefix}/lib/python2.7/dist-packages
configure:15634: checking for `pkg-config --variable=sdkdir mozilla-plugin`/sdk/bin/header.py
configure:15648: result: yes
configure:15655: checking for `pkg-config --variable=sdkdir mozilla-plugin`/sdk/bin/typelib.py
configure:15669: result: yes
configure:15684: checking for XUL191
configure:15691: $PKG_CONFIG --exists --print-errors "mozilla-plugin >= 1.9.1"
configure:15694: $? = 0
configure:15708: $PKG_CONFIG --exists --print-errors "mozilla-plugin >= 1.9.1"
configure:15711: $? = 0
configure:15749: result: yes
configure:15771: checking whether make supports nested variables
configure:15788: result: yes
configure:15948: creating ./config.status

## ---------------------- ##
## Running config.status. ##
## ---------------------- ##

This file was extended by spice-xpi config.status 2.7, which was
generated by GNU Autoconf 2.68.  Invocation command line was

  CONFIG_FILES    = 
  CONFIG_HEADERS  = 
  CONFIG_LINKS    = 
  CONFIG_COMMANDS = 
  $ ./config.status 

on precise

config.status:1190: creating Makefile
config.status:1190: creating data/Makefile
config.status:1190: creating SpiceXPI/Makefile
config.status:1190: creating SpiceXPI/src/Makefile
config.status:1190: creating SpiceXPI/src/plugin/Makefile
config.status:1190: creating config.h
config.status:1419: executing depfiles commands
config.status:1419: executing libtool commands
configure:18477:

        Spice-XPI 2.7
        ==============

        prefix:                   /usr/local
        compiler:                 gcc
        xpidl:			  /usr/lib/firefox-devel/sdk/bin/xpidl
        XUL includes:		  /usr/include/firefox
        XUL IDL files:	          /usr/share/idl/firefox

        Red target:               

        Now type 'make' to build spice-xpi


## ---------------- ##
## Cache variables. ##
## ---------------- ##

ac_cv_build=x86_64-unknown-linux-gnu
ac_cv_c_compiler_gnu=yes
ac_cv_cxx_compiler_gnu=yes
ac_cv_env_CCC_set=
ac_cv_env_CCC_value=
ac_cv_env_CC_set=
ac_cv_env_CC_value=
ac_cv_env_CFLAGS_set=
ac_cv_env_CFLAGS_value=
ac_cv_env_CPPFLAGS_set=
ac_cv_env_CPPFLAGS_value=
ac_cv_env_CPP_set=
ac_cv_env_CPP_value=
ac_cv_env_CXXCPP_set=
ac_cv_env_CXXCPP_value=
ac_cv_env_CXXFLAGS_set=
ac_cv_env_CXXFLAGS_value=
ac_cv_env_CXX_set=
ac_cv_env_CXX_value=
ac_cv_env_LDFLAGS_set=
ac_cv_env_LDFLAGS_value=
ac_cv_env_LIBS_set=
ac_cv_env_LIBS_value=
ac_cv_env_LOG4CPP_CFLAGS_set=
ac_cv_env_LOG4CPP_CFLAGS_value=
ac_cv_env_LOG4CPP_LIBS_set=
ac_cv_env_LOG4CPP_LIBS_value=
ac_cv_env_PKG_CONFIG_LIBDIR_set=
ac_cv_env_PKG_CONFIG_LIBDIR_value=
ac_cv_env_PKG_CONFIG_PATH_set=
ac_cv_env_PKG_CONFIG_PATH_value=
ac_cv_env_PKG_CONFIG_set=
ac_cv_env_PKG_CONFIG_value=
ac_cv_env_PYTHON_set=
ac_cv_env_PYTHON_value=
ac_cv_env_XUL191_CFLAGS_set=
ac_cv_env_XUL191_CFLAGS_value=
ac_cv_env_XUL191_LIBS_set=
ac_cv_env_XUL191_LIBS_value=
ac_cv_env_XUL_CFLAGS_set=
ac_cv_env_XUL_CFLAGS_value=
ac_cv_env_XUL_LIBS_set=
ac_cv_env_XUL_LIBS_value=
ac_cv_env_build_alias_set=
ac_cv_env_build_alias_value=
ac_cv_env_host_alias_set=
ac_cv_env_host_alias_value=
ac_cv_env_target_alias_set=
ac_cv_env_target_alias_value=
ac_cv_file__usr_lib_firefox_devel_sdk_bin_header_py=yes
ac_cv_file__usr_lib_firefox_devel_sdk_bin_typelib_py=yes
ac_cv_header_dlfcn_h=yes
ac_cv_header_inttypes_h=yes
ac_cv_header_memory_h=yes
ac_cv_header_stdc=yes
ac_cv_header_stdint_h=yes
ac_cv_header_stdlib_h=yes
ac_cv_header_string_h=yes
ac_cv_header_strings_h=yes
ac_cv_header_sys_stat_h=yes
ac_cv_header_sys_types_h=yes
ac_cv_header_unistd_h=yes
ac_cv_host=x86_64-unknown-linux-gnu
ac_cv_objext=o
ac_cv_path_EGREP='/bin/grep -E'
ac_cv_path_FGREP='/bin/grep -F'
ac_cv_path_GREP=/bin/grep
ac_cv_path_PYTHON=/usr/bin/python
ac_cv_path_SED=/bin/sed
ac_cv_path_ac_pt_PKG_CONFIG=/usr/bin/pkg-config
ac_cv_path_install='/usr/bin/install -c'
ac_cv_path_mkdir=/bin/mkdir
ac_cv_prog_AWK=mawk
ac_cv_prog_CPP='gcc -E'
ac_cv_prog_CXXCPP='g++ -E'
ac_cv_prog_ac_ct_AR=ar
ac_cv_prog_ac_ct_CC=gcc
ac_cv_prog_ac_ct_CXX=g++
ac_cv_prog_ac_ct_MANIFEST_TOOL=mt
ac_cv_prog_ac_ct_OBJDUMP=objdump
ac_cv_prog_ac_ct_RANLIB=ranlib
ac_cv_prog_ac_ct_STRIP=strip
ac_cv_prog_cc_c89=
ac_cv_prog_cc_g=yes
ac_cv_prog_cc_gcc_c_o=yes
ac_cv_prog_cxx_g=yes
ac_cv_prog_make_make_set=yes
am_cv_CC_dependencies_compiler_type=gcc3
am_cv_CXX_dependencies_compiler_type=gcc3
am_cv_make_support_nested_variables=yes
am_cv_python_platform=linux2
am_cv_python_pyexecdir='${exec_prefix}/lib/python2.7/dist-packages'
am_cv_python_pythondir='${prefix}/lib/python2.7/dist-packages'
am_cv_python_version=2.7
lt_cv_ar_at_file=@
lt_cv_archive_cmds_need_lc=no
lt_cv_deplibs_check_method=pass_all
lt_cv_file_magic_cmd='$MAGIC_CMD'
lt_cv_file_magic_test_file=
lt_cv_ld_reload_flag=-r
lt_cv_nm_interface='BSD nm'
lt_cv_objdir=.libs
lt_cv_path_LD=/usr/bin/ld
lt_cv_path_LDCXX='/usr/bin/ld -m elf_x86_64'
lt_cv_path_NM='/usr/bin/nm -B'
lt_cv_path_mainfest_tool=no
lt_cv_prog_compiler_c_o=yes
lt_cv_prog_compiler_c_o_CXX=yes
lt_cv_prog_compiler_pic='-fPIC -DPIC'
lt_cv_prog_compiler_pic_CXX='-fPIC -DPIC'
lt_cv_prog_compiler_pic_works=yes
lt_cv_prog_compiler_pic_works_CXX=yes
lt_cv_prog_compiler_rtti_exceptions=no
lt_cv_prog_compiler_static_works=yes
lt_cv_prog_compiler_static_works_CXX=yes
lt_cv_prog_gnu_ld=yes
lt_cv_prog_gnu_ldcxx=yes
lt_cv_sharedlib_from_linklib_cmd='printf %s\n'
lt_cv_shlibpath_overrides_runpath=no
lt_cv_sys_global_symbol_pipe='sed -n -e '\''s/^.*[	 ]\([ABCDGIRSTW][ABCDGIRSTW]*\)[	 ][	 ]*\([_A-Za-z][_A-Za-z0-9]*\)$/\1 \2 \2/p'\'' | sed '\''/ __gnu_lto/d'\'''
lt_cv_sys_global_symbol_to_c_name_address='sed -n -e '\''s/^: \([^ ]*\)[ ]*$/  {\"\1\", (void *) 0},/p'\'' -e '\''s/^[ABCDGIRSTW]* \([^ ]*\) \([^ ]*\)$/  {"\2", (void *) \&\2},/p'\'''
lt_cv_sys_global_symbol_to_c_name_address_lib_prefix='sed -n -e '\''s/^: \([^ ]*\)[ ]*$/  {\"\1\", (void *) 0},/p'\'' -e '\''s/^[ABCDGIRSTW]* \([^ ]*\) \(lib[^ ]*\)$/  {"\2", (void *) \&\2},/p'\'' -e '\''s/^[ABCDGIRSTW]* \([^ ]*\) \([^ ]*\)$/  {"lib\2", (void *) \&\2},/p'\'''
lt_cv_sys_global_symbol_to_cdecl='sed -n -e '\''s/^T .* \(.*\)$/extern int \1();/p'\'' -e '\''s/^[ABCDGIRSTW]* .* \(.*\)$/extern char \1;/p'\'''
lt_cv_sys_max_cmd_len=1572864
lt_cv_to_host_file_cmd=func_convert_file_noop
lt_cv_to_tool_file_cmd=func_convert_file_noop
pkg_cv_LOG4CPP_CFLAGS=' '
pkg_cv_LOG4CPP_LIBS='-llog4cpp -lnsl  '
pkg_cv_XUL191_CFLAGS='-DXP_UNIX -I/usr/include/firefox  '
pkg_cv_XUL191_LIBS=' '
pkg_cv_XUL_CFLAGS='-DXP_UNIX -I/usr/include/firefox  '
pkg_cv_XUL_LIBS=' '

## ----------------- ##
## Output variables. ##
## ----------------- ##

ACLOCAL='${SHELL} /home/jason/Projects/ubu9001/spice-xpi-2.7/missing --run aclocal-1.11'
AMDEPBACKSLASH='\'
AMDEP_FALSE='#'
AMDEP_TRUE=''
AMTAR='$${TAR-tar}'
AM_BACKSLASH='\'
AM_DEFAULT_V='$(AM_DEFAULT_VERBOSITY)'
AM_DEFAULT_VERBOSITY='0'
AM_V='$(V)'
AR='ar'
AUTOCONF='${SHELL} /home/jason/Projects/ubu9001/spice-xpi-2.7/missing --run autoconf'
AUTOHEADER='${SHELL} /home/jason/Projects/ubu9001/spice-xpi-2.7/missing --run autoheader'
AUTOMAKE='${SHELL} /home/jason/Projects/ubu9001/spice-xpi-2.7/missing --run automake-1.11'
AWK='mawk'
CC='gcc'
CCDEPMODE='depmode=gcc3'
CFLAGS='-g -O2'
CPP='gcc -E'
CPPFLAGS=''
CXX='g++'
CXXCPP='g++ -E'
CXXDEPMODE='depmode=gcc3'
CXXFLAGS='-g -O2'
CYGPATH_W='echo'
DEFS='-DHAVE_CONFIG_H'
DEPDIR='.deps'
DLLTOOL='false'
DSYMUTIL=''
DUMPBIN=''
ECHO_C=''
ECHO_N='-n'
ECHO_T=''
EGREP='/bin/grep -E'
EXEEXT=''
FGREP='/bin/grep -F'
GREP='/bin/grep'
HAVE_XPIDL_FALSE=''
HAVE_XPIDL_TRUE='#'
INSTALL_DATA='${INSTALL} -m 644'
INSTALL_PROGRAM='${INSTALL}'
INSTALL_SCRIPT='${INSTALL}'
INSTALL_STRIP_PROGRAM='$(install_sh) -c -s'
LD='/usr/bin/ld -m elf_x86_64'
LDFLAGS=''
LIBOBJS=''
LIBS=''
LIBTOOL='$(SHELL) $(top_builddir)/libtool'
LIPO=''
LN_S='ln -s'
LOG4CPP_CFLAGS=' '
LOG4CPP_LIBS='-llog4cpp -lnsl  '
LTLIBOBJS=''
MAINT='#'
MAINTAINER_MODE_FALSE=''
MAINTAINER_MODE_TRUE='#'
MAKEINFO='${SHELL} /home/jason/Projects/ubu9001/spice-xpi-2.7/missing --run makeinfo'
MANIFEST_TOOL=':'
MKDIR_P='/bin/mkdir -p'
NM='/usr/bin/nm -B'
NMEDIT=''
OBJDUMP='objdump'
OBJEXT='o'
OTOOL64=''
OTOOL=''
PACKAGE='spice-xpi'
PACKAGE_BUGREPORT=''
PACKAGE_NAME='spice-xpi'
PACKAGE_STRING='spice-xpi 2.7'
PACKAGE_TARNAME='spice-xpi'
PACKAGE_URL=''
PACKAGE_VERSION='2.7'
PATH_SEPARATOR=':'
PKG_CONFIG='/usr/bin/pkg-config'
PKG_CONFIG_LIBDIR=''
PKG_CONFIG_PATH=''
PYTHON='/usr/bin/python'
PYTHON_EXEC_PREFIX='${exec_prefix}'
PYTHON_PLATFORM='linux2'
PYTHON_PREFIX='${prefix}'
PYTHON_VERSION='2.7'
RANLIB='ranlib'
SED='/bin/sed'
SET_MAKE=''
SHELL='/bin/bash'
STRIP='strip'
VERSION='2.7'
X86_64_FALSE='#'
X86_64_TRUE=''
XPIDL='/usr/lib/firefox-devel/sdk/bin/xpidl'
XUL191_CFLAGS='-DXP_UNIX -I/usr/include/firefox  '
XUL191_LIBS=' '
XUL_CFLAGS='-DXP_UNIX -I/usr/include/firefox  '
XUL_IDLDIR='/usr/share/idl/firefox'
XUL_INCLUDEDIR='/usr/include/firefox'
XUL_LIBS=' '
ac_ct_AR='ar'
ac_ct_CC='gcc'
ac_ct_CXX='g++'
ac_ct_DUMPBIN=''
am__EXEEXT_FALSE=''
am__EXEEXT_TRUE='#'
am__fastdepCC_FALSE='#'
am__fastdepCC_TRUE=''
am__fastdepCXX_FALSE='#'
am__fastdepCXX_TRUE=''
am__include='include'
am__isrc=''
am__leading_dot='.'
am__nodep='_no'
am__quote=''
am__tar='$${TAR-tar} chof - "$$tardir"'
am__untar='$${TAR-tar} xf -'
bindir='${exec_prefix}/bin'
build='x86_64-unknown-linux-gnu'
build_alias=''
build_cpu='x86_64'
build_os='linux-gnu'
build_vendor='unknown'
datadir='${datarootdir}'
datarootdir='${prefix}/share'
docdir='${datarootdir}/doc/${PACKAGE_TARNAME}'
dvidir='${docdir}'
exec_prefix='${prefix}'
host='x86_64-unknown-linux-gnu'
host_alias=''
host_cpu='x86_64'
host_os='linux-gnu'
host_vendor='unknown'
htmldir='${docdir}'
includedir='${prefix}/include'
infodir='${datarootdir}/info'
install_sh='${SHELL} /home/jason/Projects/ubu9001/spice-xpi-2.7/install-sh'
libdir='${exec_prefix}/lib'
libexecdir='${exec_prefix}/libexec'
localedir='${datarootdir}/locale'
localstatedir='${prefix}/var'
mandir='${datarootdir}/man'
mkdir_p='/bin/mkdir -p'
oldincludedir='/usr/include'
pdfdir='${docdir}'
pkgpyexecdir='${pyexecdir}/spice-xpi'
pkgpythondir='${pythondir}/spice-xpi'
prefix='/usr/local'
program_transform_name='s,x,x,'
psdir='${docdir}'
pyexecdir='${exec_prefix}/lib/python2.7/dist-packages'
pythondir='${prefix}/lib/python2.7/dist-packages'
sbindir='${exec_prefix}/sbin'
sharedstatedir='${prefix}/com'
sysconfdir='${prefix}/etc'
target_alias=''

## ----------- ##
## confdefs.h. ##
## ----------- ##

/* confdefs.h */
#define PACKAGE_NAME "spice-xpi"
#define PACKAGE_TARNAME "spice-xpi"
#define PACKAGE_VERSION "2.7"
#define PACKAGE_STRING "spice-xpi 2.7"
#define PACKAGE_BUGREPORT ""
#define PACKAGE_URL ""
#define PACKAGE "spice-xpi"
#define VERSION "2.7"
#define STDC_HEADERS 1
#define HAVE_SYS_TYPES_H 1
#define HAVE_SYS_STAT_H 1
#define HAVE_STDLIB_H 1
#define HAVE_STRING_H 1
#define HAVE_MEMORY_H 1
#define HAVE_STRINGS_H 1
#define HAVE_INTTYPES_H 1
#define HAVE_STDINT_H 1
#define HAVE_UNISTD_H 1
#define HAVE_DLFCN_H 1
#define LT_OBJDIR ".libs/"
#define NPAPI_USE_CONSTCHARS 1
#define HAVE_XUL191 1

configure: exit 0
